<?xml version="1.0" encoding="UTF-8"?>
<!-- Generated by org.testng.reporters.JUnitReportReporter -->
<testsuite hostname="SuyashGuha" failures="0" tests="1" name="com.Berd.testcases.Test_IndexPage" time="0.008" errors="0" timestamp="2023-10-05T17:25:38 IST" skipped="0">
  <testcase classname="com.Berd.testcases.Test_IndexPage" name="TC001" time="0.008"/>
  <system-out/>
</testsuite> <!-- com.Berd.testcases.Test_IndexPage -->
